<?xml version="1.0" encoding="UTF-8"?>
<!-- Generated by org.testng.reporters.JUnitXMLReporter -->
<testsuite ignored="0" hostname="Sailys-MacBook-Pro.local" failures="1" tests="1" name="Invalid Login Validation Test" time="3.462" errors="0" timestamp="2025-05-25T18:30:16 IST">
  <testcase classname="TestFile.Test6_negativeloginTest" name="Negativelogin" time="0.001">
    <failure type="java.lang.UnsupportedClassVersionError" message="PageObjectFile/regionwarningPage has been compiled by a more recent version of the Java Runtime (class file version 62.0), this version of the Java Runtime only recognizes class file versions up to 61.0">
      <![CDATA[java.lang.UnsupportedClassVersionError: PageObjectFile/regionwarningPage has been compiled by a more recent version of the Java Runtime (class file version 62.0), this version of the Java Runtime only recognizes class file versions up to 61.0
at java.base/java.lang.ClassLoader.defineClass1(Native Method)
at java.base/java.lang.ClassLoader.defineClass(ClassLoader.java:1017)
at java.base/java.security.SecureClassLoader.defineClass(SecureClassLoader.java:150)
at java.base/jdk.internal.loader.BuiltinClassLoader.defineClass(BuiltinClassLoader.java:862)
at java.base/jdk.internal.loader.BuiltinClassLoader.findClassOnClassPathOrNull(BuiltinClassLoader.java:760)
at java.base/jdk.internal.loader.BuiltinClassLoader.loadClassOrNull(BuiltinClassLoader.java:681)
at java.base/jdk.internal.loader.BuiltinClassLoader.loadClass(BuiltinClassLoader.java:639)
at java.base/jdk.internal.loader.ClassLoaders$AppClassLoader.loadClass(ClassLoaders.java:188)
at java.base/java.lang.ClassLoader.loadClass(ClassLoader.java:525)
at TestFile.Test6_negativeloginTest.Negativelogin(Test6_negativeloginTest.java:21)
at java.base/java.util.ArrayList.forEach(ArrayList.java:1511)
... Removed 27 stack frames]]>
    </failure>
  </testcase> <!-- Negativelogin -->
</testsuite> <!-- Invalid Login Validation Test -->
