<?xml version="1.0" encoding="UTF-8"?>
<!-- Generated by org.testng.reporters.JUnitXMLReporter -->
<testsuite ignored="0" hostname="Sailys-MacBook-Pro.local" failures="1" tests="1" name="PostSignin Validation Test" time="8.115" errors="0" timestamp="2025-05-06T13:59:37 IST">
  <testcase classname="TestFile.postsigninTest" name="PostSignin" time="0.792">
    <failure type="java.lang.IllegalArgumentException" message="Keys to send should be a not null CharSequence">
      <![CDATA[java.lang.IllegalArgumentException: Keys to send should be a not null CharSequence
at org.openqa.selenium.remote.RemoteWebElement.sendKeys(RemoteWebElement.java:97)
at PageObjectFile.signinPage.Signin_Validations(signinPage.java:82)
at TestFile.postsigninTest.PostSignin(postsigninTest.java:21)
at java.base/java.util.ArrayList.forEach(ArrayList.java:1511)
... Removed 27 stack frames]]>
    </failure>
  </testcase> <!-- PostSignin -->
</testsuite> <!-- PostSignin Validation Test -->
