<?xml version="1.0" encoding="UTF-8"?>
<!-- Generated by org.testng.reporters.JUnitXMLReporter -->
<testsuite ignored="0" hostname="Sailys-MacBook-Pro.local" failures="1" tests="1" name="SigninTest" time="0.823" errors="0" timestamp="2025-05-05T10:54:49 IST">
  <testcase classname="TestFile.signinTest" name="Signin" time="0.001">
    <failure type="java.lang.NullPointerException" message="Cannot invoke &amp;quot;org.openqa.selenium.WebDriver.get(String)&amp;quot; because &amp;quot;this.driver&amp;quot; is null">
      <![CDATA[java.lang.NullPointerException: Cannot invoke "org.openqa.selenium.WebDriver.get(String)" because "this.driver" is null
at TestFile.homeTest.homepage(homeTest.java:20)
at TestFile.signinTest.Signin(signinTest.java:25)
at java.base/java.util.ArrayList.forEach(ArrayList.java:1511)
... Removed 27 stack frames]]>
    </failure>
  </testcase> <!-- Signin -->
</testsuite> <!-- SigninTest -->
