<?xml version="1.0" encoding="UTF-8"?>
<testng-results ignored="0" total="1" passed="1" failed="0" skipped="0">
  <reporter-output>
  </reporter-output>
  <suite started-at="2025-05-15T19:57:57 IST" name="Default suite" finished-at="2025-05-15T19:58:13 IST" duration-ms="15140">
    <groups>
    </groups>
    <test started-at="2025-05-15T19:57:57 IST" name="Default test" finished-at="2025-05-15T19:58:13 IST" duration-ms="15140">
      <class name="TestFile.profileTest">
        <test-method is-config="true" signature="setup()[pri:0, instance:TestFile.profileTest@6b81ce95]" started-at="2025-05-15T19:57:57 IST" name="setup" finished-at="2025-05-15T19:58:03 IST" duration-ms="5414" status="PASS">
          <reporter-output>
          </reporter-output>
        </test-method> <!-- setup -->
        <test-method signature="ProfileTest()[pri:0, instance:TestFile.profileTest@6b81ce95]" started-at="2025-05-15T19:58:03 IST" name="ProfileTest" finished-at="2025-05-15T19:58:12 IST" duration-ms="9590" status="PASS">
          <reporter-output>
          </reporter-output>
        </test-method> <!-- ProfileTest -->
        <test-method is-config="true" signature="tearDown()[pri:0, instance:TestFile.profileTest@6b81ce95]" started-at="2025-05-15T19:58:12 IST" name="tearDown" finished-at="2025-05-15T19:58:13 IST" duration-ms="101" status="PASS">
          <reporter-output>
          </reporter-output>
        </test-method> <!-- tearDown -->
      </class> <!-- TestFile.profileTest -->
    </test> <!-- Default test -->
  </suite> <!-- Default suite -->
</testng-results>
